[1029/150835.049:ERROR:directory_reader_win.cc(43)] FindFirstFile: The system cannot find the path specified. (0x3)
[1029/220335.086:ERROR:process_reader_win.cc(123)] NtOpenThread: {Access Denied} A process has requested access to an object, but has not been granted those access rights. (0xc0000022)
[1029/220335.089:ERROR:exception_snapshot_win.cc(99)] thread ID 5932 not found in process
[1029/220335.211:ERROR:process_reader_win.cc(123)] NtOpenThread: {Access Denied} A process has requested access to an object, but has not been granted those access rights. (0xc0000022)
[1029/220335.212:ERROR:exception_snapshot_win.cc(99)] thread ID 36484 not found in process
[1029/220412.329:ERROR:process_reader_win.cc(123)] NtOpenThread: {Access Denied} A process has requested access to an object, but has not been granted those access rights. (0xc0000022)
[1029/220412.331:ERROR:exception_snapshot_win.cc(99)] thread ID 36704 not found in process
[1029/220412.384:ERROR:process_reader_win.cc(123)] NtOpenThread: {Access Denied} A process has requested access to an object, but has not been granted those access rights. (0xc0000022)
[1029/220412.385:ERROR:exception_snapshot_win.cc(99)] thread ID 144 not found in process
[1029/220446.836:ERROR:process_reader_win.cc(123)] NtOpenThread: {Access Denied} A process has requested access to an object, but has not been granted those access rights. (0xc0000022)
[1029/220446.839:ERROR:exception_snapshot_win.cc(99)] thread ID 35908 not found in process
[1029/220446.934:ERROR:process_reader_win.cc(123)] NtOpenThread: {Access Denied} A process has requested access to an object, but has not been granted those access rights. (0xc0000022)
[1029/220446.934:ERROR:exception_snapshot_win.cc(99)] thread ID 15840 not found in process
[1029/220651.518:ERROR:process_reader_win.cc(123)] NtOpenThread: {Access Denied} A process has requested access to an object, but has not been granted those access rights. (0xc0000022)
[1029/220651.520:ERROR:exception_snapshot_win.cc(99)] thread ID 27556 not found in process
[1029/220651.547:ERROR:process_reader_win.cc(123)] NtOpenThread: {Access Denied} A process has requested access to an object, but has not been granted those access rights. (0xc0000022)
[1029/220651.547:ERROR:exception_snapshot_win.cc(99)] thread ID 32280 not found in process
[1029/220727.470:ERROR:process_reader_win.cc(123)] NtOpenThread: {Access Denied} A process has requested access to an object, but has not been granted those access rights. (0xc0000022)
[1029/220727.473:ERROR:exception_snapshot_win.cc(99)] thread ID 30480 not found in process
[1029/220727.533:ERROR:process_reader_win.cc(123)] NtOpenThread: {Access Denied} A process has requested access to an object, but has not been granted those access rights. (0xc0000022)
[1029/220727.533:ERROR:exception_snapshot_win.cc(99)] thread ID 11172 not found in process
[1029/222429.583:ERROR:process_reader_win.cc(123)] NtOpenThread: {Access Denied} A process has requested access to an object, but has not been granted those access rights. (0xc0000022)
[1029/222429.585:ERROR:exception_snapshot_win.cc(99)] thread ID 31864 not found in process
[1029/222429.607:ERROR:process_reader_win.cc(123)] NtOpenThread: {Access Denied} A process has requested access to an object, but has not been granted those access rights. (0xc0000022)
[1029/222429.607:ERROR:exception_snapshot_win.cc(99)] thread ID 19692 not found in process
[1029/222457.322:ERROR:process_reader_win.cc(123)] NtOpenThread: {Access Denied} A process has requested access to an object, but has not been granted those access rights. (0xc0000022)
[1029/222457.324:ERROR:exception_snapshot_win.cc(99)] thread ID 30952 not found in process
[1029/222457.340:ERROR:process_reader_win.cc(123)] NtOpenThread: {Access Denied} A process has requested access to an object, but has not been granted those access rights. (0xc0000022)
[1029/222457.340:ERROR:exception_snapshot_win.cc(99)] thread ID 15660 not found in process
[1029/232050.541:ERROR:process_reader_win.cc(123)] NtOpenThread: {Access Denied} A process has requested access to an object, but has not been granted those access rights. (0xc0000022)
[1029/232050.543:ERROR:exception_snapshot_win.cc(99)] thread ID 23124 not found in process
[1029/232050.553:ERROR:process_reader_win.cc(123)] NtOpenThread: {Access Denied} A process has requested access to an object, but has not been granted those access rights. (0xc0000022)
[1029/232050.553:ERROR:exception_snapshot_win.cc(99)] thread ID 7020 not found in process
[1029/235305.042:ERROR:directory_reader_win.cc(43)] FindFirstFile: The system cannot find the path specified. (0x3)
[1029/235840.728:ERROR:process_reader_win.cc(123)] NtOpenThread: {Access Denied} A process has requested access to an object, but has not been granted those access rights. (0xc0000022)
[1029/235840.730:ERROR:exception_snapshot_win.cc(99)] thread ID 21520 not found in process
[1029/235840.741:ERROR:process_reader_win.cc(123)] NtOpenThread: {Access Denied} A process has requested access to an object, but has not been granted those access rights. (0xc0000022)
[1029/235840.741:ERROR:exception_snapshot_win.cc(99)] thread ID 32332 not found in process
[1029/235840.772:ERROR:process_reader_win.cc(123)] NtOpenThread: {Access Denied} A process has requested access to an object, but has not been granted those access rights. (0xc0000022)
[1029/235840.772:ERROR:exception_snapshot_win.cc(99)] thread ID 31200 not found in process
[1029/235840.788:ERROR:process_reader_win.cc(123)] NtOpenThread: {Access Denied} A process has requested access to an object, but has not been granted those access rights. (0xc0000022)
[1029/235840.788:ERROR:exception_snapshot_win.cc(99)] thread ID 424 not found in process
[1030/000753.464:ERROR:process_reader_win.cc(123)] NtOpenThread: {Access Denied} A process has requested access to an object, but has not been granted those access rights. (0xc0000022)
[1030/000753.466:ERROR:exception_snapshot_win.cc(99)] thread ID 17152 not found in process
[1030/000753.525:ERROR:process_reader_win.cc(123)] NtOpenThread: {Access Denied} A process has requested access to an object, but has not been granted those access rights. (0xc0000022)
[1030/000753.526:ERROR:exception_snapshot_win.cc(99)] thread ID 21164 not found in process
[1030/000851.492:ERROR:process_reader_win.cc(123)] NtOpenThread: {Access Denied} A process has requested access to an object, but has not been granted those access rights. (0xc0000022)
[1030/000851.493:ERROR:exception_snapshot_win.cc(99)] thread ID 20212 not found in process
[1030/000851.509:ERROR:process_reader_win.cc(123)] NtOpenThread: {Access Denied} A process has requested access to an object, but has not been granted those access rights. (0xc0000022)
[1030/000851.509:ERROR:exception_snapshot_win.cc(99)] thread ID 22976 not found in process
[1030/000851.535:ERROR:process_reader_win.cc(123)] NtOpenThread: {Access Denied} A process has requested access to an object, but has not been granted those access rights. (0xc0000022)
[1030/000851.535:ERROR:exception_snapshot_win.cc(99)] thread ID 8216 not found in process
[1030/001118.857:ERROR:process_reader_win.cc(123)] NtOpenThread: {Access Denied} A process has requested access to an object, but has not been granted those access rights. (0xc0000022)
[1030/001118.859:ERROR:exception_snapshot_win.cc(99)] thread ID 6192 not found in process
[1030/001118.910:ERROR:process_reader_win.cc(123)] NtOpenThread: {Access Denied} A process has requested access to an object, but has not been granted those access rights. (0xc0000022)
[1030/001118.910:ERROR:exception_snapshot_win.cc(99)] thread ID 27712 not found in process
[1030/001308.900:ERROR:process_reader_win.cc(123)] NtOpenThread: {Access Denied} A process has requested access to an object, but has not been granted those access rights. (0xc0000022)
[1030/001308.903:ERROR:exception_snapshot_win.cc(99)] thread ID 28356 not found in process
[1030/001308.924:ERROR:process_reader_win.cc(123)] NtOpenThread: {Access Denied} A process has requested access to an object, but has not been granted those access rights. (0xc0000022)
[1030/001308.925:ERROR:exception_snapshot_win.cc(99)] thread ID 11072 not found in process
[1030/001629.698:ERROR:process_reader_win.cc(123)] NtOpenThread: {Access Denied} A process has requested access to an object, but has not been granted those access rights. (0xc0000022)
[1030/001629.701:ERROR:exception_snapshot_win.cc(99)] thread ID 21892 not found in process
[1030/001629.720:ERROR:process_reader_win.cc(123)] NtOpenThread: {Access Denied} A process has requested access to an object, but has not been granted those access rights. (0xc0000022)
[1030/001629.720:ERROR:exception_snapshot_win.cc(99)] thread ID 10732 not found in process
[1030/002037.013:ERROR:process_reader_win.cc(123)] NtOpenThread: {Access Denied} A process has requested access to an object, but has not been granted those access rights. (0xc0000022)
[1030/002037.013:ERROR:exception_snapshot_win.cc(99)] thread ID 14096 not found in process
[1030/002037.026:ERROR:process_reader_win.cc(123)] NtOpenThread: {Access Denied} A process has requested access to an object, but has not been granted those access rights. (0xc0000022)
[1030/002037.026:ERROR:exception_snapshot_win.cc(99)] thread ID 12596 not found in process
[1030/002150.610:ERROR:process_reader_win.cc(123)] NtOpenThread: {Access Denied} A process has requested access to an object, but has not been granted those access rights. (0xc0000022)
[1030/002150.615:ERROR:exception_snapshot_win.cc(99)] thread ID 24864 not found in process
[1030/002150.668:ERROR:process_reader_win.cc(123)] NtOpenThread: {Access Denied} A process has requested access to an object, but has not been granted those access rights. (0xc0000022)
[1030/002150.669:ERROR:exception_snapshot_win.cc(99)] thread ID 10648 not found in process
[1030/002150.706:ERROR:process_reader_win.cc(123)] NtOpenThread: {Access Denied} A process has requested access to an object, but has not been granted those access rights. (0xc0000022)
[1030/002150.706:ERROR:exception_snapshot_win.cc(99)] thread ID 34648 not found in process
[1030/002224.620:ERROR:process_reader_win.cc(123)] NtOpenThread: {Access Denied} A process has requested access to an object, but has not been granted those access rights. (0xc0000022)
[1030/002224.622:ERROR:exception_snapshot_win.cc(99)] thread ID 12296 not found in process
[1030/002224.670:ERROR:process_reader_win.cc(123)] NtOpenThread: {Access Denied} A process has requested access to an object, but has not been granted those access rights. (0xc0000022)
[1030/002224.671:ERROR:exception_snapshot_win.cc(99)] thread ID 24824 not found in process
[1030/002224.698:ERROR:process_reader_win.cc(123)] NtOpenThread: {Access Denied} A process has requested access to an object, but has not been granted those access rights. (0xc0000022)
[1030/002224.698:ERROR:exception_snapshot_win.cc(99)] thread ID 21092 not found in process
[1030/002425.563:ERROR:process_reader_win.cc(123)] NtOpenThread: {Access Denied} A process has requested access to an object, but has not been granted those access rights. (0xc0000022)
[1030/002425.567:ERROR:exception_snapshot_win.cc(99)] thread ID 2312 not found in process
[1030/002425.649:ERROR:process_reader_win.cc(123)] NtOpenThread: {Access Denied} A process has requested access to an object, but has not been granted those access rights. (0xc0000022)
[1030/002425.649:ERROR:exception_snapshot_win.cc(99)] thread ID 2940 not found in process
[1030/002425.724:ERROR:process_reader_win.cc(123)] NtOpenThread: {Access Denied} A process has requested access to an object, but has not been granted those access rights. (0xc0000022)
[1030/002425.724:ERROR:exception_snapshot_win.cc(99)] thread ID 24180 not found in process
[1030/012904.526:ERROR:process_reader_win.cc(123)] NtOpenThread: {Access Denied} A process has requested access to an object, but has not been granted those access rights. (0xc0000022)
[1030/012904.530:ERROR:exception_snapshot_win.cc(99)] thread ID 29444 not found in process
[1030/012904.542:ERROR:process_reader_win.cc(123)] NtOpenThread: {Access Denied} A process has requested access to an object, but has not been granted those access rights. (0xc0000022)
[1030/012904.543:ERROR:exception_snapshot_win.cc(99)] thread ID 9432 not found in process
[1030/013340.189:ERROR:process_reader_win.cc(151)] SuspendThread: Access is denied. (0x5)
[1030/013340.192:ERROR:process_reader_win.cc(123)] NtOpenThread: {Access Denied} A process has requested access to an object, but has not been granted those access rights. (0xc0000022)
[1030/013340.194:ERROR:exception_snapshot_win.cc(99)] thread ID 25980 not found in process
[1030/013340.264:ERROR:process_reader_win.cc(151)] SuspendThread: Access is denied. (0x5)
[1030/013340.267:ERROR:process_reader_win.cc(123)] NtOpenThread: {Access Denied} A process has requested access to an object, but has not been granted those access rights. (0xc0000022)
[1030/013340.269:ERROR:exception_snapshot_win.cc(99)] thread ID 18768 not found in process
[1030/013340.308:ERROR:process_reader_win.cc(123)] NtOpenThread: {Access Denied} A process has requested access to an object, but has not been granted those access rights. (0xc0000022)
[1030/013340.311:ERROR:exception_snapshot_win.cc(99)] thread ID 17076 not found in process
[1030/013340.318:ERROR:process_reader_win.cc(123)] NtOpenThread: {Access Denied} A process has requested access to an object, but has not been granted those access rights. (0xc0000022)
[1030/013340.318:ERROR:exception_snapshot_win.cc(99)] thread ID 4116 not found in process
[1030/013417.164:ERROR:process_reader_win.cc(123)] NtOpenThread: {Access Denied} A process has requested access to an object, but has not been granted those access rights. (0xc0000022)
[1030/013417.165:ERROR:exception_snapshot_win.cc(99)] thread ID 24956 not found in process
[1030/013417.224:ERROR:process_reader_win.cc(123)] NtOpenThread: {Access Denied} A process has requested access to an object, but has not been granted those access rights. (0xc0000022)
[1030/013417.224:ERROR:exception_snapshot_win.cc(99)] thread ID 29712 not found in process
[1030/013459.303:ERROR:process_reader_win.cc(123)] NtOpenThread: {Access Denied} A process has requested access to an object, but has not been granted those access rights. (0xc0000022)
[1030/013459.304:ERROR:exception_snapshot_win.cc(99)] thread ID 31552 not found in process
[1030/013459.343:ERROR:process_reader_win.cc(123)] NtOpenThread: {Access Denied} A process has requested access to an object, but has not been granted those access rights. (0xc0000022)
[1030/013459.343:ERROR:exception_snapshot_win.cc(99)] thread ID 36228 not found in process
[1030/013753.219:ERROR:process_reader_win.cc(123)] NtOpenThread: {Access Denied} A process has requested access to an object, but has not been granted those access rights. (0xc0000022)
[1030/013753.223:ERROR:exception_snapshot_win.cc(99)] thread ID 4652 not found in process
[1030/013753.243:ERROR:process_reader_win.cc(123)] NtOpenThread: {Access Denied} A process has requested access to an object, but has not been granted those access rights. (0xc0000022)
[1030/013753.244:ERROR:exception_snapshot_win.cc(99)] thread ID 12412 not found in process
[1030/014032.164:ERROR:process_reader_win.cc(123)] NtOpenThread: {Access Denied} A process has requested access to an object, but has not been granted those access rights. (0xc0000022)
[1030/014032.166:ERROR:exception_snapshot_win.cc(99)] thread ID 15316 not found in process
[1030/014032.169:ERROR:process_reader_win.cc(123)] NtOpenThread: {Access Denied} A process has requested access to an object, but has not been granted those access rights. (0xc0000022)
[1030/014032.171:ERROR:exception_snapshot_win.cc(99)] thread ID 10772 not found in process
[1030/014032.190:ERROR:process_reader_win.cc(123)] NtOpenThread: {Access Denied} A process has requested access to an object, but has not been granted those access rights. (0xc0000022)
[1030/014032.191:ERROR:exception_snapshot_win.cc(99)] thread ID 1716 not found in process
[1030/014032.199:ERROR:process_reader_win.cc(123)] NtOpenThread: {Access Denied} A process has requested access to an object, but has not been granted those access rights. (0xc0000022)
[1030/014032.200:ERROR:exception_snapshot_win.cc(99)] thread ID 22792 not found in process
[1030/014128.213:ERROR:process_reader_win.cc(123)] NtOpenThread: {Access Denied} A process has requested access to an object, but has not been granted those access rights. (0xc0000022)
[1030/014128.214:ERROR:exception_snapshot_win.cc(99)] thread ID 21612 not found in process
[1030/014128.263:ERROR:process_reader_win.cc(123)] NtOpenThread: {Access Denied} A process has requested access to an object, but has not been granted those access rights. (0xc0000022)
[1030/014128.263:ERROR:exception_snapshot_win.cc(99)] thread ID 25276 not found in process
[1030/014151.699:ERROR:process_reader_win.cc(123)] NtOpenThread: {Access Denied} A process has requested access to an object, but has not been granted those access rights. (0xc0000022)
[1030/014151.702:ERROR:exception_snapshot_win.cc(99)] thread ID 24492 not found in process
[1030/014151.726:ERROR:process_reader_win.cc(123)] NtOpenThread: {Access Denied} A process has requested access to an object, but has not been granted those access rights. (0xc0000022)
[1030/014151.726:ERROR:exception_snapshot_win.cc(99)] thread ID 35316 not found in process
[1030/014400.971:ERROR:process_reader_win.cc(123)] NtOpenThread: {Access Denied} A process has requested access to an object, but has not been granted those access rights. (0xc0000022)
[1030/014400.973:ERROR:exception_snapshot_win.cc(99)] thread ID 27580 not found in process
[1030/014400.977:ERROR:process_reader_win.cc(123)] NtOpenThread: {Access Denied} A process has requested access to an object, but has not been granted those access rights. (0xc0000022)
[1030/014400.979:ERROR:exception_snapshot_win.cc(99)] thread ID 9616 not found in process
[1030/014401.037:ERROR:process_reader_win.cc(123)] NtOpenThread: {Access Denied} A process has requested access to an object, but has not been granted those access rights. (0xc0000022)
[1030/014401.037:ERROR:exception_snapshot_win.cc(99)] thread ID 36108 not found in process
[1030/014401.060:ERROR:process_reader_win.cc(123)] NtOpenThread: {Access Denied} A process has requested access to an object, but has not been granted those access rights. (0xc0000022)
[1030/014401.060:ERROR:exception_snapshot_win.cc(99)] thread ID 10212 not found in process
[1030/014451.388:ERROR:process_reader_win.cc(123)] NtOpenThread: {Access Denied} A process has requested access to an object, but has not been granted those access rights. (0xc0000022)
[1030/014451.388:ERROR:exception_snapshot_win.cc(99)] thread ID 34344 not found in process
[1030/014451.445:ERROR:process_reader_win.cc(123)] NtOpenThread: {Access Denied} A process has requested access to an object, but has not been granted those access rights. (0xc0000022)
[1030/014451.445:ERROR:exception_snapshot_win.cc(99)] thread ID 30448 not found in process
[1030/014828.384:ERROR:process_reader_win.cc(123)] NtOpenThread: {Access Denied} A process has requested access to an object, but has not been granted those access rights. (0xc0000022)
[1030/014828.385:ERROR:exception_snapshot_win.cc(99)] thread ID 26796 not found in process
[1030/014828.402:ERROR:process_reader_win.cc(123)] NtOpenThread: {Access Denied} A process has requested access to an object, but has not been granted those access rights. (0xc0000022)
[1030/014828.402:ERROR:exception_snapshot_win.cc(99)] thread ID 2476 not found in process
[1030/015047.219:ERROR:process_reader_win.cc(123)] NtOpenThread: {Access Denied} A process has requested access to an object, but has not been granted those access rights. (0xc0000022)
[1030/015047.220:ERROR:exception_snapshot_win.cc(99)] thread ID 2712 not found in process
[1030/015047.222:ERROR:process_reader_win.cc(123)] NtOpenThread: {Access Denied} A process has requested access to an object, but has not been granted those access rights. (0xc0000022)
[1030/015047.223:ERROR:exception_snapshot_win.cc(99)] thread ID 3656 not found in process
[1030/015047.335:ERROR:process_reader_win.cc(123)] NtOpenThread: {Access Denied} A process has requested access to an object, but has not been granted those access rights. (0xc0000022)
[1030/015047.335:ERROR:exception_snapshot_win.cc(99)] thread ID 7044 not found in process
[1030/015047.340:ERROR:process_reader_win.cc(123)] NtOpenThread: {Access Denied} A process has requested access to an object, but has not been granted those access rights. (0xc0000022)
[1030/015047.340:ERROR:exception_snapshot_win.cc(99)] thread ID 28788 not found in process
[1030/031016.858:ERROR:process_reader_win.cc(123)] NtOpenThread: {Access Denied} A process has requested access to an object, but has not been granted those access rights. (0xc0000022)
[1030/031016.861:ERROR:exception_snapshot_win.cc(99)] thread ID 12924 not found in process
[1030/031016.880:ERROR:process_reader_win.cc(123)] NtOpenThread: {Access Denied} A process has requested access to an object, but has not been granted those access rights. (0xc0000022)
[1030/031016.880:ERROR:exception_snapshot_win.cc(99)] thread ID 17040 not found in process
[1030/033640.849:ERROR:directory_reader_win.cc(43)] FindFirstFile: The system cannot find the path specified. (0x3)
[1030/034621.654:ERROR:directory_reader_win.cc(43)] FindFirstFile: The system cannot find the path specified. (0x3)
[1030/034708.520:ERROR:directory_reader_win.cc(43)] FindFirstFile: The system cannot find the path specified. (0x3)
[1030/034912.501:ERROR:directory_reader_win.cc(43)] FindFirstFile: The system cannot find the path specified. (0x3)
[1030/034943.973:ERROR:directory_reader_win.cc(43)] FindFirstFile: The system cannot find the path specified. (0x3)
[1030/035020.758:ERROR:directory_reader_win.cc(43)] FindFirstFile: The system cannot find the path specified. (0x3)
[1030/041631.973:ERROR:directory_reader_win.cc(43)] FindFirstFile: The system cannot find the path specified. (0x3)
[1030/045002.569:ERROR:process_reader_win.cc(151)] SuspendThread: Access is denied. (0x5)
[1030/045002.571:ERROR:process_reader_win.cc(123)] NtOpenThread: {Access Denied} A process has requested access to an object, but has not been granted those access rights. (0xc0000022)
[1030/045002.571:ERROR:exception_snapshot_win.cc(99)] thread ID 34692 not found in process
[1030/045002.585:ERROR:process_reader_win.cc(123)] NtOpenThread: {Access Denied} A process has requested access to an object, but has not been granted those access rights. (0xc0000022)
[1030/045002.586:ERROR:exception_snapshot_win.cc(99)] thread ID 31856 not found in process
[1030/045002.596:ERROR:process_reader_win.cc(151)] SuspendThread: Access is denied. (0x5)
[1030/045002.596:ERROR:process_reader_win.cc(151)] SuspendThread: Access is denied. (0x5)
[1030/045002.596:ERROR:process_reader_win.cc(123)] NtOpenThread: {Access Denied} A process has requested access to an object, but has not been granted those access rights. (0xc0000022)
[1030/045002.596:ERROR:exception_snapshot_win.cc(99)] thread ID 26748 not found in process
[1030/045002.612:ERROR:process_reader_win.cc(123)] NtOpenThread: {Access Denied} A process has requested access to an object, but has not been granted those access rights. (0xc0000022)
[1030/045002.612:ERROR:exception_snapshot_win.cc(99)] thread ID 30140 not found in process
[1030/045002.612:ERROR:process_reader_win.cc(123)] NtOpenThread: {Access Denied} A process has requested access to an object, but has not been granted those access rights. (0xc0000022)
[1030/045002.612:ERROR:exception_snapshot_win.cc(99)] thread ID 20584 not found in process
[1030/045002.630:ERROR:process_reader_win.cc(123)] NtOpenThread: {Access Denied} A process has requested access to an object, but has not been granted those access rights. (0xc0000022)
[1030/045002.630:ERROR:exception_snapshot_win.cc(99)] thread ID 18336 not found in process
[1030/045522.096:ERROR:process_reader_win.cc(151)] SuspendThread: Access is denied. (0x5)
[1030/045522.096:ERROR:process_reader_win.cc(123)] NtOpenThread: {Access Denied} A process has requested access to an object, but has not been granted those access rights. (0xc0000022)
[1030/045522.097:ERROR:exception_snapshot_win.cc(99)] thread ID 10136 not found in process
[1030/045522.097:ERROR:process_reader_win.cc(123)] NtOpenThread: {Access Denied} A process has requested access to an object, but has not been granted those access rights. (0xc0000022)
[1030/045522.098:ERROR:exception_snapshot_win.cc(99)] thread ID 12296 not found in process
[1030/045522.111:ERROR:process_reader_win.cc(123)] NtOpenThread: {Access Denied} A process has requested access to an object, but has not been granted those access rights. (0xc0000022)
[1030/045522.111:ERROR:exception_snapshot_win.cc(99)] thread ID 9528 not found in process
[1030/045522.111:ERROR:process_reader_win.cc(151)] SuspendThread: Access is denied. (0x5)
[1030/045522.112:ERROR:process_reader_win.cc(123)] NtOpenThread: {Access Denied} A process has requested access to an object, but has not been granted those access rights. (0xc0000022)
[1030/045522.112:ERROR:exception_snapshot_win.cc(99)] thread ID 25484 not found in process
[1030/045522.120:ERROR:process_reader_win.cc(123)] NtOpenThread: {Access Denied} A process has requested access to an object, but has not been granted those access rights. (0xc0000022)
[1030/045522.121:ERROR:exception_snapshot_win.cc(99)] thread ID 16588 not found in process
[1030/045522.121:ERROR:process_reader_win.cc(151)] SuspendThread: Access is denied. (0x5)
[1030/045522.121:ERROR:process_reader_win.cc(151)] SuspendThread: Access is denied. (0x5)
[1030/045522.121:ERROR:process_reader_win.cc(123)] NtOpenThread: {Access Denied} A process has requested access to an object, but has not been granted those access rights. (0xc0000022)
[1030/045522.121:ERROR:exception_snapshot_win.cc(99)] thread ID 2820 not found in process
[1030/045522.111:ERROR:process_reader_win.cc(123)] NtOpenThread: {Access Denied} A process has requested access to an object, but has not been granted those access rights. (0xc0000022)
[1030/045522.122:ERROR:exception_snapshot_win.cc(99)] thread ID 30072 not found in process
[1030/045522.134:ERROR:process_reader_win.cc(123)] NtOpenThread: {Access Denied} A process has requested access to an object, but has not been granted those access rights. (0xc0000022)
[1030/045522.134:ERROR:exception_snapshot_win.cc(99)] thread ID 12496 not found in process
[1030/045522.143:ERROR:process_reader_win.cc(123)] NtOpenThread: {Access Denied} A process has requested access to an object, but has not been granted those access rights. (0xc0000022)
[1030/045522.143:ERROR:exception_snapshot_win.cc(99)] thread ID 11072 not found in process
[1030/045522.147:ERROR:process_reader_win.cc(123)] NtOpenThread: {Access Denied} A process has requested access to an object, but has not been granted those access rights. (0xc0000022)
[1030/045522.147:ERROR:exception_snapshot_win.cc(99)] thread ID 33808 not found in process
[1030/045522.156:ERROR:process_reader_win.cc(151)] SuspendThread: Access is denied. (0x5)
[1030/045522.156:ERROR:process_reader_win.cc(151)] SuspendThread: Access is denied. (0x5)
[1030/045522.156:ERROR:process_reader_win.cc(151)] SuspendThread: Access is denied. (0x5)
[1030/045522.156:ERROR:process_reader_win.cc(151)] SuspendThread: Access is denied. (0x5)
[1030/045522.156:ERROR:process_reader_win.cc(151)] SuspendThread: Access is denied. (0x5)
[1030/045522.156:ERROR:process_reader_win.cc(151)] SuspendThread: Access is denied. (0x5)
[1030/045522.156:ERROR:process_reader_win.cc(151)] SuspendThread: Access is denied. (0x5)
[1030/045522.156:ERROR:process_reader_win.cc(151)] SuspendThread: Access is denied. (0x5)
[1030/045522.156:ERROR:process_reader_win.cc(151)] SuspendThread: Access is denied. (0x5)
[1030/045522.156:ERROR:process_reader_win.cc(123)] NtOpenThread: {Access Denied} A process has requested access to an object, but has not been granted those access rights. (0xc0000022)
[1030/045522.156:ERROR:exception_snapshot_win.cc(99)] thread ID 18020 not found in process
[1030/045522.164:ERROR:process_reader_win.cc(123)] NtOpenThread: {Access Denied} A process has requested access to an object, but has not been granted those access rights. (0xc0000022)
[1030/045522.164:ERROR:exception_snapshot_win.cc(99)] thread ID 28500 not found in process
[1030/045522.171:ERROR:process_reader_win.cc(151)] SuspendThread: Access is denied. (0x5)
[1030/045522.171:ERROR:process_reader_win.cc(123)] NtOpenThread: {Access Denied} A process has requested access to an object, but has not been granted those access rights. (0xc0000022)
[1030/045522.171:ERROR:exception_snapshot_win.cc(99)] thread ID 18268 not found in process
[1030/045522.175:ERROR:process_reader_win.cc(123)] NtOpenThread: {Access Denied} A process has requested access to an object, but has not been granted those access rights. (0xc0000022)
[1030/045522.175:ERROR:exception_snapshot_win.cc(99)] thread ID 11332 not found in process
[1030/052018.365:ERROR:process_reader_win.cc(151)] SuspendThread: Access is denied. (0x5)
[1030/052018.366:ERROR:process_reader_win.cc(123)] NtOpenThread: {Access Denied} A process has requested access to an object, but has not been granted those access rights. (0xc0000022)
[1030/052018.368:ERROR:exception_snapshot_win.cc(99)] thread ID 17096 not found in process
[1030/052018.368:ERROR:process_reader_win.cc(123)] NtOpenThread: {Access Denied} A process has requested access to an object, but has not been granted those access rights. (0xc0000022)
[1030/052018.368:ERROR:exception_snapshot_win.cc(99)] thread ID 28944 not found in process
[1030/052018.369:ERROR:process_reader_win.cc(123)] NtOpenThread: {Access Denied} A process has requested access to an object, but has not been granted those access rights. (0xc0000022)
[1030/052018.369:ERROR:exception_snapshot_win.cc(99)] thread ID 29792 not found in process
[1030/052018.375:ERROR:process_reader_win.cc(123)] NtOpenThread: {Access Denied} A process has requested access to an object, but has not been granted those access rights. (0xc0000022)
[1030/052018.375:ERROR:exception_snapshot_win.cc(99)] thread ID 26924 not found in process
[1030/052018.398:ERROR:process_reader_win.cc(123)] NtOpenThread: {Access Denied} A process has requested access to an object, but has not been granted those access rights. (0xc0000022)
[1030/052018.399:ERROR:exception_snapshot_win.cc(99)] thread ID 34452 not found in process
[1030/052018.404:ERROR:process_reader_win.cc(123)] NtOpenThread: {Access Denied} A process has requested access to an object, but has not been granted those access rights. (0xc0000022)
[1030/052018.404:ERROR:exception_snapshot_win.cc(99)] thread ID 14460 not found in process
[1030/052018.404:ERROR:process_reader_win.cc(123)] NtOpenThread: {Access Denied} A process has requested access to an object, but has not been granted those access rights. (0xc0000022)
[1030/052018.404:ERROR:exception_snapshot_win.cc(99)] thread ID 34008 not found in process
[1030/052018.424:ERROR:process_reader_win.cc(123)] NtOpenThread: {Access Denied} A process has requested access to an object, but has not been granted those access rights. (0xc0000022)
[1030/052018.426:ERROR:exception_snapshot_win.cc(99)] thread ID 36424 not found in process
[1030/052254.776:ERROR:process_reader_win.cc(123)] NtOpenThread: {Access Denied} A process has requested access to an object, but has not been granted those access rights. (0xc0000022)
[1030/052254.776:ERROR:process_reader_win.cc(123)] NtOpenThread: {Access Denied} A process has requested access to an object, but has not been granted those access rights. (0xc0000022)
[1030/052254.778:ERROR:exception_snapshot_win.cc(99)] thread ID 29828 not found in process
[1030/052254.778:ERROR:exception_snapshot_win.cc(99)] thread ID 22476 not found in process
[1030/052254.779:ERROR:process_reader_win.cc(123)] NtOpenThread: {Access Denied} A process has requested access to an object, but has not been granted those access rights. (0xc0000022)
[1030/052254.779:ERROR:exception_snapshot_win.cc(99)] thread ID 23172 not found in process
[1030/052254.782:ERROR:process_reader_win.cc(123)] NtOpenThread: {Access Denied} A process has requested access to an object, but has not been granted those access rights. (0xc0000022)
[1030/052254.782:ERROR:exception_snapshot_win.cc(99)] thread ID 3912 not found in process
[1030/052254.795:ERROR:process_reader_win.cc(123)] NtOpenThread: {Access Denied} A process has requested access to an object, but has not been granted those access rights. (0xc0000022)
[1030/052254.795:ERROR:exception_snapshot_win.cc(99)] thread ID 26660 not found in process
[1030/052254.800:ERROR:process_reader_win.cc(123)] NtOpenThread: {Access Denied} A process has requested access to an object, but has not been granted those access rights. (0xc0000022)
[1030/052254.800:ERROR:exception_snapshot_win.cc(99)] thread ID 4144 not found in process
[1030/054301.154:ERROR:process_reader_win.cc(123)] NtOpenThread: {Access Denied} A process has requested access to an object, but has not been granted those access rights. (0xc0000022)
[1030/054301.157:ERROR:exception_snapshot_win.cc(99)] thread ID 31504 not found in process
[1030/054301.157:ERROR:process_reader_win.cc(123)] NtOpenThread: {Access Denied} A process has requested access to an object, but has not been granted those access rights. (0xc0000022)
[1030/054301.157:ERROR:exception_snapshot_win.cc(99)] thread ID 36192 not found in process
[1030/054301.176:ERROR:process_reader_win.cc(151)] SuspendThread: Access is denied. (0x5)
[1030/054301.177:ERROR:process_reader_win.cc(123)] NtOpenThread: {Access Denied} A process has requested access to an object, but has not been granted those access rights. (0xc0000022)
[1030/054301.177:ERROR:exception_snapshot_win.cc(99)] thread ID 10716 not found in process
[1030/054301.191:ERROR:process_reader_win.cc(123)] NtOpenThread: {Access Denied} A process has requested access to an object, but has not been granted those access rights. (0xc0000022)
[1030/054301.191:ERROR:exception_snapshot_win.cc(99)] thread ID 32296 not found in process
[1030/054301.194:ERROR:process_reader_win.cc(123)] NtOpenThread: {Access Denied} A process has requested access to an object, but has not been granted those access rights. (0xc0000022)
[1030/054301.195:ERROR:exception_snapshot_win.cc(99)] thread ID 30148 not found in process
[1030/054301.196:ERROR:process_reader_win.cc(123)] NtOpenThread: {Access Denied} A process has requested access to an object, but has not been granted those access rights. (0xc0000022)
[1030/054301.197:ERROR:exception_snapshot_win.cc(99)] thread ID 36072 not found in process
[1030/054301.206:ERROR:process_reader_win.cc(123)] NtOpenThread: {Access Denied} A process has requested access to an object, but has not been granted those access rights. (0xc0000022)
[1030/054301.207:ERROR:exception_snapshot_win.cc(99)] thread ID 3772 not found in process
[1030/060433.617:ERROR:process_reader_win.cc(151)] SuspendThread: Access is denied. (0x5)
[1030/060433.618:ERROR:process_reader_win.cc(123)] NtOpenThread: {Access Denied} A process has requested access to an object, but has not been granted those access rights. (0xc0000022)
[1030/060433.618:ERROR:exception_snapshot_win.cc(99)] thread ID 15488 not found in process
[1030/060433.618:ERROR:process_reader_win.cc(123)] NtOpenThread: {Access Denied} A process has requested access to an object, but has not been granted those access rights. (0xc0000022)
[1030/060433.621:ERROR:exception_snapshot_win.cc(99)] thread ID 7080 not found in process
[1030/060433.639:ERROR:process_reader_win.cc(151)] SuspendThread: Access is denied. (0x5)
[1030/060433.639:ERROR:process_reader_win.cc(123)] NtOpenThread: {Access Denied} A process has requested access to an object, but has not been granted those access rights. (0xc0000022)
[1030/060433.639:ERROR:exception_snapshot_win.cc(99)] thread ID 34504 not found in process
[1030/060433.642:ERROR:process_reader_win.cc(151)] SuspendThread: Access is denied. (0x5)
[1030/060433.642:ERROR:process_reader_win.cc(151)] SuspendThread: Access is denied. (0x5)
[1030/060433.642:ERROR:process_reader_win.cc(151)] SuspendThread: Access is denied. (0x5)
[1030/060433.642:ERROR:process_reader_win.cc(151)] SuspendThread: Access is denied. (0x5)
[1030/060433.642:ERROR:process_reader_win.cc(151)] SuspendThread: Access is denied. (0x5)
[1030/060433.642:ERROR:process_reader_win.cc(151)] SuspendThread: Access is denied. (0x5)
[1030/060433.642:ERROR:process_reader_win.cc(123)] NtOpenThread: {Access Denied} A process has requested access to an object, but has not been granted those access rights. (0xc0000022)
[1030/060433.643:ERROR:exception_snapshot_win.cc(99)] thread ID 34536 not found in process
[1030/060433.674:ERROR:process_reader_win.cc(151)] SuspendThread: Access is denied. (0x5)
[1030/060433.674:ERROR:process_reader_win.cc(151)] SuspendThread: Access is denied. (0x5)
[1030/060433.674:ERROR:process_reader_win.cc(151)] SuspendThread: Access is denied. (0x5)
[1030/060433.675:ERROR:process_reader_win.cc(151)] SuspendThread: Access is denied. (0x5)
[1030/060433.675:ERROR:process_reader_win.cc(151)] SuspendThread: Access is denied. (0x5)
[1030/060433.675:ERROR:process_reader_win.cc(151)] SuspendThread: Access is denied. (0x5)
[1030/060433.675:ERROR:process_reader_win.cc(151)] SuspendThread: Access is denied. (0x5)
[1030/060433.675:ERROR:process_reader_win.cc(123)] NtOpenThread: {Access Denied} A process has requested access to an object, but has not been granted those access rights. (0xc0000022)
[1030/060433.675:ERROR:exception_snapshot_win.cc(99)] thread ID 32160 not found in process
[1030/060433.684:ERROR:process_reader_win.cc(151)] SuspendThread: Access is denied. (0x5)
[1030/060433.684:ERROR:process_reader_win.cc(123)] NtOpenThread: {Access Denied} A process has requested access to an object, but has not been granted those access rights. (0xc0000022)
[1030/060433.684:ERROR:exception_snapshot_win.cc(99)] thread ID 13496 not found in process
[1030/060433.686:ERROR:process_reader_win.cc(151)] SuspendThread: Access is denied. (0x5)
[1030/060433.686:ERROR:process_reader_win.cc(123)] NtOpenThread: {Access Denied} A process has requested access to an object, but has not been granted those access rights. (0xc0000022)
[1030/060433.687:ERROR:exception_snapshot_win.cc(99)] thread ID 424 not found in process
[1030/060433.686:ERROR:process_reader_win.cc(151)] SuspendThread: Access is denied. (0x5)
[1030/060433.687:ERROR:process_reader_win.cc(123)] NtOpenThread: {Access Denied} A process has requested access to an object, but has not been granted those access rights. (0xc0000022)
[1030/060433.688:ERROR:exception_snapshot_win.cc(99)] thread ID 21984 not found in process
[1030/060433.719:ERROR:process_reader_win.cc(123)] NtOpenThread: {Access Denied} A process has requested access to an object, but has not been granted those access rights. (0xc0000022)
[1030/060433.719:ERROR:process_reader_win.cc(151)] SuspendThread: Access is denied. (0x5)
[1030/060433.720:ERROR:exception_snapshot_win.cc(99)] thread ID 9432 not found in process
[1030/060433.720:ERROR:process_reader_win.cc(123)] NtOpenThread: {Access Denied} A process has requested access to an object, but has not been granted those access rights. (0xc0000022)
[1030/060433.720:ERROR:exception_snapshot_win.cc(99)] thread ID 16452 not found in process
[1030/060514.078:ERROR:process_reader_win.cc(123)] NtOpenThread: {Access Denied} A process has requested access to an object, but has not been granted those access rights. (0xc0000022)
[1030/060514.079:ERROR:exception_snapshot_win.cc(99)] thread ID 32724 not found in process
[1030/060514.091:ERROR:process_reader_win.cc(123)] NtOpenThread: {Access Denied} A process has requested access to an object, but has not been granted those access rights. (0xc0000022)
[1030/060514.092:ERROR:exception_snapshot_win.cc(99)] thread ID 1004 not found in process
[1030/060514.102:ERROR:process_reader_win.cc(123)] NtOpenThread: {Access Denied} A process has requested access to an object, but has not been granted those access rights. (0xc0000022)
[1030/060514.103:ERROR:exception_snapshot_win.cc(99)] thread ID 5256 not found in process
[1030/060514.130:ERROR:process_reader_win.cc(123)] NtOpenThread: {Access Denied} A process has requested access to an object, but has not been granted those access rights. (0xc0000022)
[1030/060514.130:ERROR:process_reader_win.cc(123)] NtOpenThread: {Access Denied} A process has requested access to an object, but has not been granted those access rights. (0xc0000022)
[1030/060514.130:ERROR:process_reader_win.cc(123)] NtOpenThread: {Access Denied} A process has requested access to an object, but has not been granted those access rights. (0xc0000022)
[1030/060514.130:ERROR:exception_snapshot_win.cc(99)] thread ID 22276 not found in process
[1030/060514.130:ERROR:process_reader_win.cc(123)] NtOpenThread: {Access Denied} A process has requested access to an object, but has not been granted those access rights. (0xc0000022)
[1030/060514.130:ERROR:exception_snapshot_win.cc(99)] thread ID 22700 not found in process
[1030/060514.130:ERROR:exception_snapshot_win.cc(99)] thread ID 29516 not found in process
[1030/060514.130:ERROR:exception_snapshot_win.cc(99)] thread ID 21728 not found in process
[1030/060604.780:ERROR:process_reader_win.cc(151)] SuspendThread: Access is denied. (0x5)
[1030/060604.758:ERROR:process_reader_win.cc(151)] SuspendThread: Access is denied. (0x5)
[1030/060604.781:ERROR:process_reader_win.cc(123)] NtOpenThread: {Access Denied} A process has requested access to an object, but has not been granted those access rights. (0xc0000022)
[1030/060604.781:ERROR:process_reader_win.cc(123)] NtOpenThread: {Access Denied} A process has requested access to an object, but has not been granted those access rights. (0xc0000022)
[1030/060604.784:ERROR:exception_snapshot_win.cc(99)] thread ID 7740 not found in process
[1030/060604.784:ERROR:exception_snapshot_win.cc(99)] thread ID 18504 not found in process
[1030/060604.786:ERROR:process_reader_win.cc(151)] SuspendThread: Access is denied. (0x5)
[1030/060604.788:ERROR:process_reader_win.cc(123)] NtOpenThread: {Access Denied} A process has requested access to an object, but has not been granted those access rights. (0xc0000022)
[1030/060604.790:ERROR:exception_snapshot_win.cc(99)] thread ID 32280 not found in process
[1030/060604.792:ERROR:process_reader_win.cc(151)] SuspendThread: Access is denied. (0x5)
[1030/060604.792:ERROR:process_reader_win.cc(151)] SuspendThread: Access is denied. (0x5)
[1030/060604.792:ERROR:process_reader_win.cc(123)] NtOpenThread: {Access Denied} A process has requested access to an object, but has not been granted those access rights. (0xc0000022)
[1030/060604.793:ERROR:exception_snapshot_win.cc(99)] thread ID 27604 not found in process
[1030/060604.800:ERROR:process_reader_win.cc(123)] NtOpenThread: {Access Denied} A process has requested access to an object, but has not been granted those access rights. (0xc0000022)
[1030/060604.801:ERROR:exception_snapshot_win.cc(99)] thread ID 4184 not found in process
[1030/060604.820:ERROR:process_reader_win.cc(151)] SuspendThread: Access is denied. (0x5)
[1030/060604.820:ERROR:process_reader_win.cc(151)] SuspendThread: Access is denied. (0x5)
[1030/060604.820:ERROR:process_reader_win.cc(151)] SuspendThread: Access is denied. (0x5)
[1030/060604.820:ERROR:process_reader_win.cc(151)] SuspendThread: Access is denied. (0x5)
[1030/060604.820:ERROR:process_reader_win.cc(123)] NtOpenThread: {Access Denied} A process has requested access to an object, but has not been granted those access rights. (0xc0000022)
[1030/060604.820:ERROR:exception_snapshot_win.cc(99)] thread ID 19240 not found in process
[1030/060604.820:ERROR:process_reader_win.cc(151)] SuspendThread: Access is denied. (0x5)
[1030/060604.820:ERROR:process_reader_win.cc(151)] SuspendThread: Access is denied. (0x5)
[1030/060604.820:ERROR:process_reader_win.cc(151)] SuspendThread: Access is denied. (0x5)
[1030/060604.820:ERROR:process_reader_win.cc(123)] NtOpenThread: {Access Denied} A process has requested access to an object, but has not been granted those access rights. (0xc0000022)
[1030/060604.820:ERROR:exception_snapshot_win.cc(99)] thread ID 22880 not found in process
[1030/060604.826:ERROR:process_reader_win.cc(123)] NtOpenThread: {Access Denied} A process has requested access to an object, but has not been granted those access rights. (0xc0000022)
[1030/060604.826:ERROR:exception_snapshot_win.cc(99)] thread ID 956 not found in process
[1030/060604.834:ERROR:process_reader_win.cc(151)] SuspendThread: Access is denied. (0x5)
[1030/060604.834:ERROR:process_reader_win.cc(151)] SuspendThread: Access is denied. (0x5)
[1030/060604.834:ERROR:process_reader_win.cc(151)] SuspendThread: Access is denied. (0x5)
[1030/060604.834:ERROR:process_reader_win.cc(151)] SuspendThread: Access is denied. (0x5)
[1030/060604.834:ERROR:process_reader_win.cc(123)] NtOpenThread: {Access Denied} A process has requested access to an object, but has not been granted those access rights. (0xc0000022)
[1030/060604.834:ERROR:exception_snapshot_win.cc(99)] thread ID 992 not found in process
[1030/060604.846:ERROR:process_reader_win.cc(123)] NtOpenThread: {Access Denied} A process has requested access to an object, but has not been granted those access rights. (0xc0000022)
[1030/060604.846:ERROR:exception_snapshot_win.cc(99)] thread ID 24928 not found in process
[1030/060604.847:ERROR:process_reader_win.cc(123)] NtOpenThread: {Access Denied} A process has requested access to an object, but has not been granted those access rights. (0xc0000022)
[1030/060604.847:ERROR:exception_snapshot_win.cc(99)] thread ID 9620 not found in process
[1030/060604.876:ERROR:process_reader_win.cc(123)] NtOpenThread: {Access Denied} A process has requested access to an object, but has not been granted those access rights. (0xc0000022)
[1030/060604.876:ERROR:exception_snapshot_win.cc(99)] thread ID 10232 not found in process
[1030/060604.883:ERROR:process_reader_win.cc(123)] NtOpenThread: {Access Denied} A process has requested access to an object, but has not been granted those access rights. (0xc0000022)
[1030/060604.883:ERROR:exception_snapshot_win.cc(99)] thread ID 21320 not found in process
[1030/060604.887:ERROR:process_reader_win.cc(123)] NtOpenThread: {Access Denied} A process has requested access to an object, but has not been granted those access rights. (0xc0000022)
[1030/060604.888:ERROR:exception_snapshot_win.cc(99)] thread ID 12336 not found in process
[1030/060628.219:ERROR:process_reader_win.cc(123)] NtOpenThread: {Access Denied} A process has requested access to an object, but has not been granted those access rights. (0xc0000022)
[1030/060628.219:ERROR:process_reader_win.cc(123)] NtOpenThread: {Access Denied} A process has requested access to an object, but has not been granted those access rights. (0xc0000022)
[1030/060628.219:ERROR:process_reader_win.cc(123)] NtOpenThread: {Access Denied} A process has requested access to an object, but has not been granted those access rights. (0xc0000022)
[1030/060628.220:ERROR:exception_snapshot_win.cc(99)] thread ID 6536 not found in process
[1030/060628.220:ERROR:exception_snapshot_win.cc(99)] thread ID 22872 not found in process
[1030/060628.220:ERROR:exception_snapshot_win.cc(99)] thread ID 36456 not found in process
[1030/060628.241:ERROR:process_reader_win.cc(123)] NtOpenThread: {Access Denied} A process has requested access to an object, but has not been granted those access rights. (0xc0000022)
[1030/060628.241:ERROR:exception_snapshot_win.cc(99)] thread ID 4344 not found in process
[1030/060628.251:ERROR:process_reader_win.cc(123)] NtOpenThread: {Access Denied} A process has requested access to an object, but has not been granted those access rights. (0xc0000022)
[1030/060628.252:ERROR:exception_snapshot_win.cc(99)] thread ID 35796 not found in process
[1030/060819.146:ERROR:process_reader_win.cc(123)] NtOpenThread: {Access Denied} A process has requested access to an object, but has not been granted those access rights. (0xc0000022)
[1030/060819.147:ERROR:exception_snapshot_win.cc(99)] thread ID 21596 not found in process
[1030/060819.149:ERROR:process_reader_win.cc(123)] NtOpenThread: {Access Denied} A process has requested access to an object, but has not been granted those access rights. (0xc0000022)
[1030/060819.149:ERROR:process_reader_win.cc(123)] NtOpenThread: {Access Denied} A process has requested access to an object, but has not been granted those access rights. (0xc0000022)
[1030/060819.149:ERROR:process_reader_win.cc(123)] NtOpenThread: {Access Denied} A process has requested access to an object, but has not been granted those access rights. (0xc0000022)
[1030/060819.149:ERROR:exception_snapshot_win.cc(99)] thread ID 29856 not found in process
[1030/060819.149:ERROR:exception_snapshot_win.cc(99)] thread ID 7856 not found in process
[1030/060819.149:ERROR:exception_snapshot_win.cc(99)] thread ID 10136 not found in process
[1030/060819.157:ERROR:process_reader_win.cc(123)] NtOpenThread: {Access Denied} A process has requested access to an object, but has not been granted those access rights. (0xc0000022)
[1030/060819.157:ERROR:exception_snapshot_win.cc(99)] thread ID 15612 not found in process
[1030/060819.167:ERROR:process_reader_win.cc(123)] NtOpenThread: {Access Denied} A process has requested access to an object, but has not been granted those access rights. (0xc0000022)
[1030/060819.168:ERROR:exception_snapshot_win.cc(99)] thread ID 29304 not found in process
